2026-01-20 15:07:41 - Starting StoreApplication using Java 17.0.10 with PID 4432 (E:\louvor\loja\musicstoreapi\target\classes started by frank in E:\louvor\loja\musicstoreapi)
2026-01-20 15:07:41 - The following 1 profile is active: "test"
2026-01-20 15:07:41 - Multiple Spring Data modules found, entering strict repository configuration mode
2026-01-20 15:07:41 - Bootstrapping Spring Data JPA repositories in DEFAULT mode.
2026-01-20 15:07:41 - Finished Spring Data repository scanning in 74 ms. Found 5 JPA repository interfaces.
2026-01-20 15:07:42 - Multiple Spring Data modules found, entering strict repository configuration mode
2026-01-20 15:07:42 - Bootstrapping Spring Data JDBC repositories in DEFAULT mode.
2026-01-20 15:07:42 - Spring Data JDBC - Could not safely identify store assignment for repository candidate interface store.api.repository.DadosCompraRepository; If you want this repository to be a JDBC repository, consider annotating your entities with one of these annotations: org.springframework.data.relational.core.mapping.Table.
2026-01-20 15:07:42 - Spring Data JDBC - Could not safely identify store assignment for repository candidate interface store.api.repository.ItemCarrinhoRepository; If you want this repository to be a JDBC repository, consider annotating your entities with one of these annotations: org.springframework.data.relational.core.mapping.Table.
2026-01-20 15:07:42 - Spring Data JDBC - Could not safely identify store assignment for repository candidate interface store.api.repository.ProdutoRepository; If you want this repository to be a JDBC repository, consider annotating your entities with one of these annotations: org.springframework.data.relational.core.mapping.Table.
2026-01-20 15:07:42 - Spring Data JDBC - Could not safely identify store assignment for repository candidate interface store.api.repository.UsuarioRepository; If you want this repository to be a JDBC repository, consider annotating your entities with one of these annotations: org.springframework.data.relational.core.mapping.Table.
2026-01-20 15:07:42 - Spring Data JDBC - Could not safely identify store assignment for repository candidate interface store.api.repository.VendasRepository; If you want this repository to be a JDBC repository, consider annotating your entities with one of these annotations: org.springframework.data.relational.core.mapping.Table.
2026-01-20 15:07:42 - Finished Spring Data repository scanning in 13 ms. Found 0 JDBC repository interfaces.
2026-01-20 15:07:42 - Tomcat initialized with port 4343 (http)
2026-01-20 15:07:42 - Initializing ProtocolHandler ["http-nio-4343"]
2026-01-20 15:07:42 - Starting service [Tomcat]
2026-01-20 15:07:42 - Starting Servlet engine: [Apache Tomcat/11.0.14]
2026-01-20 15:07:42 - Root WebApplicationContext: initialization completed in 1306 ms
2026-01-20 15:07:42 - HHH000204: Processing PersistenceUnitInfo [name: default]
2026-01-20 15:07:42 - HHH000412: Hibernate ORM core version 7.1.8.Final
2026-01-20 15:07:43 - No LoadTimeWeaver setup: ignoring JPA class transformer
2026-01-20 15:07:43 - store-pull - idleTimeout has been set but has no effect because the pool is operating as a fixed size pool.
2026-01-20 15:07:43 - store-pull - Starting...
2026-01-20 15:07:43 - store-pull - Added connection com.mysql.cj.jdbc.ConnectionImpl@1835b783
2026-01-20 15:07:43 - store-pull - Start completed.
2026-01-20 15:07:43 - HHH90000025: MySQLDialect does not need to be specified explicitly using 'hibernate.dialect' (remove the property setting and it will be selected by default)
2026-01-20 15:07:43 - HHH10001005: Database info:
	Database JDBC URL [jdbc:mysql://localhost:3306/myappsservices_store?useTimezone=false&serverTimezone=GMT-3&useSSL=false]
	Database driver: MySQL Connector/J
	Database dialect: MySQLDialect
	Database version: 8.0.43
	Default catalog/schema: myappsservices_store/undefined
	Autocommit mode: undefined/unknown
	Isolation level: REPEATABLE_READ [default REPEATABLE_READ]
	JDBC fetch size: none
	Pool: DatasourceConnectionProviderImpl
	Minimum pool size: undefined/unknown
	Maximum pool size: undefined/unknown
2026-01-20 15:07:44 - HHH000489: No JTA platform available (set 'hibernate.transaction.jta.platform' to enable JTA platform integration)
2026-01-20 15:07:44 - Initialized JPA EntityManagerFactory for persistence unit 'default'
2026-01-20 15:07:44 - Hibernate is in classpath; If applicable, HQL parser will be used.
2026-01-20 15:07:46 - spring.jpa.open-in-view is enabled by default. Therefore, database queries may be performed during view rendering. Explicitly configure spring.jpa.open-in-view to disable this warning
2026-01-20 15:07:46 - Starting ProtocolHandler ["http-nio-4343"]
2026-01-20 15:07:46 - Tomcat started on port 4343 (http) with context path '/store'
2026-01-20 15:07:46 - Started StoreApplication in 5.709 seconds (process running for 6.722)
2026-01-20 15:07:57 - Commencing graceful shutdown. Waiting for active requests to complete
2026-01-20 15:07:57 - Graceful shutdown complete
2026-01-20 15:07:57 - Closing JPA EntityManagerFactory for persistence unit 'default'
2026-01-20 15:07:57 - store-pull - Shutdown initiated...
2026-01-20 15:07:57 - store-pull - Shutdown completed.
2026-01-20 15:09:21 - Starting StoreApplication using Java 17.0.10 with PID 23376 (E:\louvor\loja\musicstoreapi\target\classes started by frank in E:\louvor\loja\musicstoreapi)
2026-01-20 15:09:21 - The following 1 profile is active: "test"
2026-01-20 15:09:21 - Multiple Spring Data modules found, entering strict repository configuration mode
2026-01-20 15:09:21 - Bootstrapping Spring Data JPA repositories in DEFAULT mode.
2026-01-20 15:09:21 - Finished Spring Data repository scanning in 35 ms. Found 5 JPA repository interfaces.
2026-01-20 15:09:21 - Multiple Spring Data modules found, entering strict repository configuration mode
2026-01-20 15:09:21 - Bootstrapping Spring Data JDBC repositories in DEFAULT mode.
2026-01-20 15:09:21 - Spring Data JDBC - Could not safely identify store assignment for repository candidate interface store.api.repository.DadosCompraRepository; If you want this repository to be a JDBC repository, consider annotating your entities with one of these annotations: org.springframework.data.relational.core.mapping.Table.
2026-01-20 15:09:21 - Spring Data JDBC - Could not safely identify store assignment for repository candidate interface store.api.repository.ItemCarrinhoRepository; If you want this repository to be a JDBC repository, consider annotating your entities with one of these annotations: org.springframework.data.relational.core.mapping.Table.
2026-01-20 15:09:21 - Spring Data JDBC - Could not safely identify store assignment for repository candidate interface store.api.repository.ProdutoRepository; If you want this repository to be a JDBC repository, consider annotating your entities with one of these annotations: org.springframework.data.relational.core.mapping.Table.
2026-01-20 15:09:21 - Spring Data JDBC - Could not safely identify store assignment for repository candidate interface store.api.repository.UsuarioRepository; If you want this repository to be a JDBC repository, consider annotating your entities with one of these annotations: org.springframework.data.relational.core.mapping.Table.
2026-01-20 15:09:21 - Spring Data JDBC - Could not safely identify store assignment for repository candidate interface store.api.repository.VendasRepository; If you want this repository to be a JDBC repository, consider annotating your entities with one of these annotations: org.springframework.data.relational.core.mapping.Table.
2026-01-20 15:09:21 - Finished Spring Data repository scanning in 10 ms. Found 0 JDBC repository interfaces.
2026-01-20 15:09:21 - Tomcat initialized with port 4343 (http)
2026-01-20 15:09:21 - Initializing ProtocolHandler ["http-nio-4343"]
2026-01-20 15:09:21 - Starting service [Tomcat]
2026-01-20 15:09:21 - Starting Servlet engine: [Apache Tomcat/11.0.14]
2026-01-20 15:09:22 - Root WebApplicationContext: initialization completed in 936 ms
2026-01-20 15:09:22 - HHH000204: Processing PersistenceUnitInfo [name: default]
2026-01-20 15:09:22 - HHH000412: Hibernate ORM core version 7.1.8.Final
2026-01-20 15:09:22 - No LoadTimeWeaver setup: ignoring JPA class transformer
2026-01-20 15:09:22 - store-pull - idleTimeout has been set but has no effect because the pool is operating as a fixed size pool.
2026-01-20 15:09:22 - store-pull - Starting...
2026-01-20 15:09:22 - store-pull - Added connection com.mysql.cj.jdbc.ConnectionImpl@46748b04
2026-01-20 15:09:22 - store-pull - Start completed.
2026-01-20 15:09:22 - HHH90000025: MySQLDialect does not need to be specified explicitly using 'hibernate.dialect' (remove the property setting and it will be selected by default)
2026-01-20 15:09:22 - HHH10001005: Database info:
	Database JDBC URL [jdbc:mysql://localhost:3306/myappsservices_store?useTimezone=false&serverTimezone=GMT-3&useSSL=false]
	Database driver: MySQL Connector/J
	Database dialect: MySQLDialect
	Database version: 8.0.43
	Default catalog/schema: myappsservices_store/undefined
	Autocommit mode: undefined/unknown
	Isolation level: REPEATABLE_READ [default REPEATABLE_READ]
	JDBC fetch size: none
	Pool: DatasourceConnectionProviderImpl
	Minimum pool size: undefined/unknown
	Maximum pool size: undefined/unknown
2026-01-20 15:09:23 - HHH000489: No JTA platform available (set 'hibernate.transaction.jta.platform' to enable JTA platform integration)
2026-01-20 15:09:23 - Initialized JPA EntityManagerFactory for persistence unit 'default'
2026-01-20 15:09:23 - Hibernate is in classpath; If applicable, HQL parser will be used.
2026-01-20 15:09:24 - spring.jpa.open-in-view is enabled by default. Therefore, database queries may be performed during view rendering. Explicitly configure spring.jpa.open-in-view to disable this warning
2026-01-20 15:09:24 - Starting ProtocolHandler ["http-nio-4343"]
2026-01-20 15:09:24 - Tomcat started on port 4343 (http) with context path '/store'
2026-01-20 15:09:24 - Started StoreApplication in 3.777 seconds (process running for 4.27)
2026-01-20 15:48:54 - Commencing graceful shutdown. Waiting for active requests to complete
2026-01-20 15:48:54 - Graceful shutdown complete
2026-01-20 15:48:54 - Closing JPA EntityManagerFactory for persistence unit 'default'
2026-01-20 15:48:54 - store-pull - Shutdown initiated...
2026-01-20 15:48:54 - store-pull - Shutdown completed.
