2025-12-29 07:43:34 - Starting StoreApplication using Java 17.0.10 with PID 3324 (E:\louvor\loja\musicstoreapi\target\classes started by frank in E:\louvor\loja\musicstoreapi)
2025-12-29 07:43:34 - The following 1 profile is active: "test"
2025-12-29 07:43:35 - Multiple Spring Data modules found, entering strict repository configuration mode
2025-12-29 07:43:35 - Bootstrapping Spring Data JPA repositories in DEFAULT mode.
2025-12-29 07:43:35 - Finished Spring Data repository scanning in 69 ms. Found 5 JPA repository interfaces.
2025-12-29 07:43:35 - Multiple Spring Data modules found, entering strict repository configuration mode
2025-12-29 07:43:35 - Bootstrapping Spring Data JDBC repositories in DEFAULT mode.
2025-12-29 07:43:35 - Spring Data JDBC - Could not safely identify store assignment for repository candidate interface store.api.repository.DadosCompraRepository; If you want this repository to be a JDBC repository, consider annotating your entities with one of these annotations: org.springframework.data.relational.core.mapping.Table.
2025-12-29 07:43:35 - Spring Data JDBC - Could not safely identify store assignment for repository candidate interface store.api.repository.ItemCarrinhoRepository; If you want this repository to be a JDBC repository, consider annotating your entities with one of these annotations: org.springframework.data.relational.core.mapping.Table.
2025-12-29 07:43:35 - Spring Data JDBC - Could not safely identify store assignment for repository candidate interface store.api.repository.ProdutoRepository; If you want this repository to be a JDBC repository, consider annotating your entities with one of these annotations: org.springframework.data.relational.core.mapping.Table.
2025-12-29 07:43:35 - Spring Data JDBC - Could not safely identify store assignment for repository candidate interface store.api.repository.UsuarioRepository; If you want this repository to be a JDBC repository, consider annotating your entities with one of these annotations: org.springframework.data.relational.core.mapping.Table.
2025-12-29 07:43:35 - Spring Data JDBC - Could not safely identify store assignment for repository candidate interface store.api.repository.VendasRepository; If you want this repository to be a JDBC repository, consider annotating your entities with one of these annotations: org.springframework.data.relational.core.mapping.Table.
2025-12-29 07:43:35 - Finished Spring Data repository scanning in 22 ms. Found 0 JDBC repository interfaces.
2025-12-29 07:43:36 - Tomcat initialized with port 4343 (http)
2025-12-29 07:43:36 - Initializing ProtocolHandler ["http-nio-4343"]
2025-12-29 07:43:36 - Starting service [Tomcat]
2025-12-29 07:43:36 - Starting Servlet engine: [Apache Tomcat/11.0.14]
2025-12-29 07:43:36 - Root WebApplicationContext: initialization completed in 2416 ms
2025-12-29 07:43:36 - HHH000204: Processing PersistenceUnitInfo [name: default]
2025-12-29 07:43:37 - HHH000412: Hibernate ORM core version 7.1.8.Final
2025-12-29 07:43:37 - No LoadTimeWeaver setup: ignoring JPA class transformer
2025-12-29 07:43:37 - store-pull - idleTimeout has been set but has no effect because the pool is operating as a fixed size pool.
2025-12-29 07:43:37 - store-pull - Starting...
2025-12-29 07:43:37 - store-pull - Added connection com.mysql.cj.jdbc.ConnectionImpl@fe156f4
2025-12-29 07:43:37 - store-pull - Start completed.
2025-12-29 07:43:37 - HHH90000025: MySQLDialect does not need to be specified explicitly using 'hibernate.dialect' (remove the property setting and it will be selected by default)
2025-12-29 07:43:37 - HHH10001005: Database info:
	Database JDBC URL [jdbc:mysql://localhost:3306/myappsservices_store?useTimezone=false&serverTimezone=GMT-3&useSSL=false]
	Database driver: MySQL Connector/J
	Database dialect: MySQLDialect
	Database version: 8.0.43
	Default catalog/schema: myappsservices_store/undefined
	Autocommit mode: undefined/unknown
	Isolation level: REPEATABLE_READ [default REPEATABLE_READ]
	JDBC fetch size: none
	Pool: DatasourceConnectionProviderImpl
	Minimum pool size: undefined/unknown
	Maximum pool size: undefined/unknown
2025-12-29 07:43:38 - HHH000489: No JTA platform available (set 'hibernate.transaction.jta.platform' to enable JTA platform integration)
2025-12-29 07:43:38 - Initialized JPA EntityManagerFactory for persistence unit 'default'
2025-12-29 07:43:38 - Hibernate is in classpath; If applicable, HQL parser will be used.
2025-12-29 07:43:39 - spring.jpa.open-in-view is enabled by default. Therefore, database queries may be performed during view rendering. Explicitly configure spring.jpa.open-in-view to disable this warning
2025-12-29 07:43:40 - Starting ProtocolHandler ["http-nio-4343"]
2025-12-29 07:43:40 - Tomcat started on port 4343 (http) with context path '/store'
2025-12-29 07:43:40 - Started StoreApplication in 6.367 seconds (process running for 7.735)
2025-12-29 07:44:04 - Initializing Spring DispatcherServlet 'dispatcherServlet'
2025-12-29 07:44:04 - Initializing Servlet 'dispatcherServlet'
2025-12-29 07:44:04 - Completed initialization in 1 ms
2025-12-29 12:12:25 - Commencing graceful shutdown. Waiting for active requests to complete
2025-12-29 12:12:25 - Graceful shutdown complete
2025-12-29 12:12:25 - Closing JPA EntityManagerFactory for persistence unit 'default'
2025-12-29 12:12:25 - store-pull - Shutdown initiated...
2025-12-29 12:12:25 - store-pull - Shutdown completed.
2025-12-29 15:58:29 - Starting StoreApplication using Java 17.0.10 with PID 18136 (E:\louvor\loja\musicstoreapi\target\classes started by frank in E:\louvor\loja\musicstoreapi)
2025-12-29 15:58:29 - The following 1 profile is active: "test"
2025-12-29 15:58:32 - Multiple Spring Data modules found, entering strict repository configuration mode
2025-12-29 15:58:32 - Bootstrapping Spring Data JPA repositories in DEFAULT mode.
2025-12-29 15:58:32 - Finished Spring Data repository scanning in 49 ms. Found 5 JPA repository interfaces.
2025-12-29 15:58:32 - Multiple Spring Data modules found, entering strict repository configuration mode
2025-12-29 15:58:32 - Bootstrapping Spring Data JDBC repositories in DEFAULT mode.
2025-12-29 15:58:32 - Spring Data JDBC - Could not safely identify store assignment for repository candidate interface store.api.repository.DadosCompraRepository; If you want this repository to be a JDBC repository, consider annotating your entities with one of these annotations: org.springframework.data.relational.core.mapping.Table.
2025-12-29 15:58:32 - Spring Data JDBC - Could not safely identify store assignment for repository candidate interface store.api.repository.ItemCarrinhoRepository; If you want this repository to be a JDBC repository, consider annotating your entities with one of these annotations: org.springframework.data.relational.core.mapping.Table.
2025-12-29 15:58:32 - Spring Data JDBC - Could not safely identify store assignment for repository candidate interface store.api.repository.ProdutoRepository; If you want this repository to be a JDBC repository, consider annotating your entities with one of these annotations: org.springframework.data.relational.core.mapping.Table.
2025-12-29 15:58:32 - Spring Data JDBC - Could not safely identify store assignment for repository candidate interface store.api.repository.UsuarioRepository; If you want this repository to be a JDBC repository, consider annotating your entities with one of these annotations: org.springframework.data.relational.core.mapping.Table.
2025-12-29 15:58:32 - Spring Data JDBC - Could not safely identify store assignment for repository candidate interface store.api.repository.VendasRepository; If you want this repository to be a JDBC repository, consider annotating your entities with one of these annotations: org.springframework.data.relational.core.mapping.Table.
2025-12-29 15:58:32 - Finished Spring Data repository scanning in 14 ms. Found 0 JDBC repository interfaces.
2025-12-29 15:58:33 - Tomcat initialized with port 4343 (http)
2025-12-29 15:58:33 - Initializing ProtocolHandler ["http-nio-4343"]
2025-12-29 15:58:33 - Starting service [Tomcat]
2025-12-29 15:58:33 - Starting Servlet engine: [Apache Tomcat/11.0.14]
2025-12-29 15:58:33 - Root WebApplicationContext: initialization completed in 3760 ms
2025-12-29 15:58:33 - HHH000204: Processing PersistenceUnitInfo [name: default]
2025-12-29 15:58:33 - HHH000412: Hibernate ORM core version 7.1.8.Final
2025-12-29 15:58:34 - No LoadTimeWeaver setup: ignoring JPA class transformer
2025-12-29 15:58:34 - store-pull - idleTimeout has been set but has no effect because the pool is operating as a fixed size pool.
2025-12-29 15:58:34 - store-pull - Starting...
2025-12-29 15:58:34 - store-pull - Added connection com.mysql.cj.jdbc.ConnectionImpl@5f911d24
2025-12-29 15:58:34 - store-pull - Start completed.
2025-12-29 15:58:34 - HHH90000025: MySQLDialect does not need to be specified explicitly using 'hibernate.dialect' (remove the property setting and it will be selected by default)
2025-12-29 15:58:34 - HHH10001005: Database info:
	Database JDBC URL [jdbc:mysql://localhost:3306/myappsservices_store?useTimezone=false&serverTimezone=GMT-3&useSSL=false]
	Database driver: MySQL Connector/J
	Database dialect: MySQLDialect
	Database version: 8.0.43
	Default catalog/schema: myappsservices_store/undefined
	Autocommit mode: undefined/unknown
	Isolation level: REPEATABLE_READ [default REPEATABLE_READ]
	JDBC fetch size: none
	Pool: DatasourceConnectionProviderImpl
	Minimum pool size: undefined/unknown
	Maximum pool size: undefined/unknown
2025-12-29 15:58:36 - HHH000489: No JTA platform available (set 'hibernate.transaction.jta.platform' to enable JTA platform integration)
2025-12-29 15:58:36 - Initialized JPA EntityManagerFactory for persistence unit 'default'
2025-12-29 15:58:36 - Hibernate is in classpath; If applicable, HQL parser will be used.
2025-12-29 15:58:38 - spring.jpa.open-in-view is enabled by default. Therefore, database queries may be performed during view rendering. Explicitly configure spring.jpa.open-in-view to disable this warning
2025-12-29 15:58:39 - Starting ProtocolHandler ["http-nio-4343"]
2025-12-29 15:58:39 - Tomcat started on port 4343 (http) with context path '/store'
2025-12-29 15:58:39 - Started StoreApplication in 10.222 seconds (process running for 11.557)
2025-12-29 16:00:49 - Initializing Spring DispatcherServlet 'dispatcherServlet'
2025-12-29 16:00:49 - Initializing Servlet 'dispatcherServlet'
2025-12-29 16:00:49 - Completed initialization in 1 ms
2025-12-29 16:02:34 - Commencing graceful shutdown. Waiting for active requests to complete
2025-12-29 16:02:34 - Graceful shutdown complete
2025-12-29 16:02:34 - Closing JPA EntityManagerFactory for persistence unit 'default'
2025-12-29 16:02:34 - store-pull - Shutdown initiated...
2025-12-29 16:02:34 - store-pull - Shutdown completed.
