2025-12-31 17:17:51 - Starting StoreApplication using Java 17.0.10 with PID 24584 (E:\louvor\loja\musicstoreapi\target\classes started by frank in E:\louvor\loja\musicstoreapi)
2025-12-31 17:17:51 - The following 1 profile is active: "test"
2025-12-31 17:17:53 - Multiple Spring Data modules found, entering strict repository configuration mode
2025-12-31 17:17:53 - Bootstrapping Spring Data JPA repositories in DEFAULT mode.
2025-12-31 17:17:53 - Finished Spring Data repository scanning in 47 ms. Found 5 JPA repository interfaces.
2025-12-31 17:17:53 - Multiple Spring Data modules found, entering strict repository configuration mode
2025-12-31 17:17:53 - Bootstrapping Spring Data JDBC repositories in DEFAULT mode.
2025-12-31 17:17:53 - Spring Data JDBC - Could not safely identify store assignment for repository candidate interface store.api.repository.DadosCompraRepository; If you want this repository to be a JDBC repository, consider annotating your entities with one of these annotations: org.springframework.data.relational.core.mapping.Table.
2025-12-31 17:17:53 - Spring Data JDBC - Could not safely identify store assignment for repository candidate interface store.api.repository.ItemCarrinhoRepository; If you want this repository to be a JDBC repository, consider annotating your entities with one of these annotations: org.springframework.data.relational.core.mapping.Table.
2025-12-31 17:17:53 - Spring Data JDBC - Could not safely identify store assignment for repository candidate interface store.api.repository.ProdutoRepository; If you want this repository to be a JDBC repository, consider annotating your entities with one of these annotations: org.springframework.data.relational.core.mapping.Table.
2025-12-31 17:17:53 - Spring Data JDBC - Could not safely identify store assignment for repository candidate interface store.api.repository.UsuarioRepository; If you want this repository to be a JDBC repository, consider annotating your entities with one of these annotations: org.springframework.data.relational.core.mapping.Table.
2025-12-31 17:17:53 - Spring Data JDBC - Could not safely identify store assignment for repository candidate interface store.api.repository.VendasRepository; If you want this repository to be a JDBC repository, consider annotating your entities with one of these annotations: org.springframework.data.relational.core.mapping.Table.
2025-12-31 17:17:53 - Finished Spring Data repository scanning in 10 ms. Found 0 JDBC repository interfaces.
2025-12-31 17:17:54 - Tomcat initialized with port 4343 (http)
2025-12-31 17:17:54 - Initializing ProtocolHandler ["http-nio-4343"]
2025-12-31 17:17:54 - Starting service [Tomcat]
2025-12-31 17:17:54 - Starting Servlet engine: [Apache Tomcat/11.0.14]
2025-12-31 17:17:54 - Root WebApplicationContext: initialization completed in 2443 ms
2025-12-31 17:17:54 - HHH000204: Processing PersistenceUnitInfo [name: default]
2025-12-31 17:17:54 - HHH000412: Hibernate ORM core version 7.1.8.Final
2025-12-31 17:17:54 - No LoadTimeWeaver setup: ignoring JPA class transformer
2025-12-31 17:17:54 - store-pull - idleTimeout has been set but has no effect because the pool is operating as a fixed size pool.
2025-12-31 17:17:54 - store-pull - Starting...
2025-12-31 17:17:55 - store-pull - Added connection com.mysql.cj.jdbc.ConnectionImpl@13f182b9
2025-12-31 17:17:55 - store-pull - Start completed.
2025-12-31 17:17:55 - HHH90000025: MySQLDialect does not need to be specified explicitly using 'hibernate.dialect' (remove the property setting and it will be selected by default)
2025-12-31 17:17:55 - HHH10001005: Database info:
	Database JDBC URL [jdbc:mysql://localhost:3306/myappsservices_store?useTimezone=false&serverTimezone=GMT-3&useSSL=false]
	Database driver: MySQL Connector/J
	Database dialect: MySQLDialect
	Database version: 8.0.43
	Default catalog/schema: myappsservices_store/undefined
	Autocommit mode: undefined/unknown
	Isolation level: REPEATABLE_READ [default REPEATABLE_READ]
	JDBC fetch size: none
	Pool: DatasourceConnectionProviderImpl
	Minimum pool size: undefined/unknown
	Maximum pool size: undefined/unknown
2025-12-31 17:17:55 - HHH000489: No JTA platform available (set 'hibernate.transaction.jta.platform' to enable JTA platform integration)
2025-12-31 17:17:55 - Initialized JPA EntityManagerFactory for persistence unit 'default'
2025-12-31 17:17:55 - Hibernate is in classpath; If applicable, HQL parser will be used.
2025-12-31 17:17:59 - spring.jpa.open-in-view is enabled by default. Therefore, database queries may be performed during view rendering. Explicitly configure spring.jpa.open-in-view to disable this warning
2025-12-31 17:17:59 - Starting ProtocolHandler ["http-nio-4343"]
2025-12-31 17:17:59 - Tomcat started on port 4343 (http) with context path '/store'
2025-12-31 17:17:59 - Started StoreApplication in 8.667 seconds (process running for 9.707)
