2026-03-08 10:08:05 - Starting StoreApplication using Java 17.0.10 with PID 7228 (E:\louvor\loja\musicstoreapi\target\classes started by frank in E:\louvor\loja\musicstoreapi)
2026-03-08 10:08:05 - The following 1 profile is active: "test"
2026-03-08 10:08:06 - Multiple Spring Data modules found, entering strict repository configuration mode
2026-03-08 10:08:06 - Bootstrapping Spring Data JPA repositories in DEFAULT mode.
2026-03-08 10:08:06 - Finished Spring Data repository scanning in 62 ms. Found 6 JPA repository interfaces.
2026-03-08 10:08:06 - Multiple Spring Data modules found, entering strict repository configuration mode
2026-03-08 10:08:06 - Bootstrapping Spring Data JDBC repositories in DEFAULT mode.
2026-03-08 10:08:06 - Spring Data JDBC - Could not safely identify store assignment for repository candidate interface store.api.repository.ConfigRepository; If you want this repository to be a JDBC repository, consider annotating your entities with one of these annotations: org.springframework.data.relational.core.mapping.Table.
2026-03-08 10:08:06 - Spring Data JDBC - Could not safely identify store assignment for repository candidate interface store.api.repository.DadosCompraRepository; If you want this repository to be a JDBC repository, consider annotating your entities with one of these annotations: org.springframework.data.relational.core.mapping.Table.
2026-03-08 10:08:06 - Spring Data JDBC - Could not safely identify store assignment for repository candidate interface store.api.repository.ItemCarrinhoRepository; If you want this repository to be a JDBC repository, consider annotating your entities with one of these annotations: org.springframework.data.relational.core.mapping.Table.
2026-03-08 10:08:06 - Spring Data JDBC - Could not safely identify store assignment for repository candidate interface store.api.repository.ProdutoRepository; If you want this repository to be a JDBC repository, consider annotating your entities with one of these annotations: org.springframework.data.relational.core.mapping.Table.
2026-03-08 10:08:06 - Spring Data JDBC - Could not safely identify store assignment for repository candidate interface store.api.repository.UsuarioRepository; If you want this repository to be a JDBC repository, consider annotating your entities with one of these annotations: org.springframework.data.relational.core.mapping.Table.
2026-03-08 10:08:06 - Spring Data JDBC - Could not safely identify store assignment for repository candidate interface store.api.repository.VendasRepository; If you want this repository to be a JDBC repository, consider annotating your entities with one of these annotations: org.springframework.data.relational.core.mapping.Table.
2026-03-08 10:08:06 - Finished Spring Data repository scanning in 17 ms. Found 0 JDBC repository interfaces.
2026-03-08 10:08:07 - Tomcat initialized with port 4343 (http)
2026-03-08 10:08:07 - Initializing ProtocolHandler ["http-nio-4343"]
2026-03-08 10:08:07 - Starting service [Tomcat]
2026-03-08 10:08:07 - Starting Servlet engine: [Apache Tomcat/11.0.14]
2026-03-08 10:08:07 - Root WebApplicationContext: initialization completed in 1515 ms
2026-03-08 10:08:07 - HHH000204: Processing PersistenceUnitInfo [name: default]
2026-03-08 10:08:07 - HHH000412: Hibernate ORM core version 7.1.8.Final
2026-03-08 10:08:08 - No LoadTimeWeaver setup: ignoring JPA class transformer
2026-03-08 10:08:08 - store-pull - idleTimeout has been set but has no effect because the pool is operating as a fixed size pool.
2026-03-08 10:08:08 - store-pull - Starting...
2026-03-08 10:08:08 - store-pull - Added connection com.mysql.cj.jdbc.ConnectionImpl@18f4086e
2026-03-08 10:08:08 - store-pull - Start completed.
2026-03-08 10:08:08 - HHH90000025: MySQLDialect does not need to be specified explicitly using 'hibernate.dialect' (remove the property setting and it will be selected by default)
2026-03-08 10:08:08 - HHH10001005: Database info:
	Database JDBC URL [jdbc:mysql://localhost:3306/myappsservices_store?useTimezone=false&serverTimezone=GMT-3&useSSL=false]
	Database driver: MySQL Connector/J
	Database dialect: MySQLDialect
	Database version: 8.0.43
	Default catalog/schema: myappsservices_store/undefined
	Autocommit mode: undefined/unknown
	Isolation level: REPEATABLE_READ [default REPEATABLE_READ]
	JDBC fetch size: none
	Pool: DatasourceConnectionProviderImpl
	Minimum pool size: undefined/unknown
	Maximum pool size: undefined/unknown
2026-03-08 10:08:10 - HHH000489: No JTA platform available (set 'hibernate.transaction.jta.platform' to enable JTA platform integration)
2026-03-08 10:08:10 - Initialized JPA EntityManagerFactory for persistence unit 'default'
2026-03-08 10:08:10 - Hibernate is in classpath; If applicable, HQL parser will be used.
2026-03-08 10:08:25 - spring.jpa.open-in-view is enabled by default. Therefore, database queries may be performed during view rendering. Explicitly configure spring.jpa.open-in-view to disable this warning
2026-03-08 10:08:53 - Starting StoreApplication using Java 17.0.10 with PID 33628 (E:\louvor\loja\musicstoreapi\target\classes started by frank in E:\louvor\loja\musicstoreapi)
2026-03-08 10:08:53 - The following 1 profile is active: "test"
2026-03-08 10:08:54 - Multiple Spring Data modules found, entering strict repository configuration mode
2026-03-08 10:08:54 - Bootstrapping Spring Data JPA repositories in DEFAULT mode.
2026-03-08 10:08:54 - Finished Spring Data repository scanning in 56 ms. Found 6 JPA repository interfaces.
2026-03-08 10:08:54 - Multiple Spring Data modules found, entering strict repository configuration mode
2026-03-08 10:08:54 - Bootstrapping Spring Data JDBC repositories in DEFAULT mode.
2026-03-08 10:08:54 - Spring Data JDBC - Could not safely identify store assignment for repository candidate interface store.api.repository.ConfigRepository; If you want this repository to be a JDBC repository, consider annotating your entities with one of these annotations: org.springframework.data.relational.core.mapping.Table.
2026-03-08 10:08:54 - Spring Data JDBC - Could not safely identify store assignment for repository candidate interface store.api.repository.DadosCompraRepository; If you want this repository to be a JDBC repository, consider annotating your entities with one of these annotations: org.springframework.data.relational.core.mapping.Table.
2026-03-08 10:08:54 - Spring Data JDBC - Could not safely identify store assignment for repository candidate interface store.api.repository.ItemCarrinhoRepository; If you want this repository to be a JDBC repository, consider annotating your entities with one of these annotations: org.springframework.data.relational.core.mapping.Table.
2026-03-08 10:08:54 - Spring Data JDBC - Could not safely identify store assignment for repository candidate interface store.api.repository.ProdutoRepository; If you want this repository to be a JDBC repository, consider annotating your entities with one of these annotations: org.springframework.data.relational.core.mapping.Table.
2026-03-08 10:08:54 - Spring Data JDBC - Could not safely identify store assignment for repository candidate interface store.api.repository.UsuarioRepository; If you want this repository to be a JDBC repository, consider annotating your entities with one of these annotations: org.springframework.data.relational.core.mapping.Table.
2026-03-08 10:08:54 - Spring Data JDBC - Could not safely identify store assignment for repository candidate interface store.api.repository.VendasRepository; If you want this repository to be a JDBC repository, consider annotating your entities with one of these annotations: org.springframework.data.relational.core.mapping.Table.
2026-03-08 10:08:54 - Finished Spring Data repository scanning in 13 ms. Found 0 JDBC repository interfaces.
2026-03-08 10:08:54 - Tomcat initialized with port 4343 (http)
2026-03-08 10:08:54 - Initializing ProtocolHandler ["http-nio-4343"]
2026-03-08 10:08:54 - Starting service [Tomcat]
2026-03-08 10:08:54 - Starting Servlet engine: [Apache Tomcat/11.0.14]
2026-03-08 10:08:54 - Root WebApplicationContext: initialization completed in 1317 ms
2026-03-08 10:08:55 - HHH000204: Processing PersistenceUnitInfo [name: default]
2026-03-08 10:08:55 - HHH000412: Hibernate ORM core version 7.1.8.Final
2026-03-08 10:08:55 - No LoadTimeWeaver setup: ignoring JPA class transformer
2026-03-08 10:08:55 - store-pull - idleTimeout has been set but has no effect because the pool is operating as a fixed size pool.
2026-03-08 10:08:55 - store-pull - Starting...
2026-03-08 10:08:55 - store-pull - Added connection com.mysql.cj.jdbc.ConnectionImpl@64fc6470
2026-03-08 10:08:55 - store-pull - Start completed.
2026-03-08 10:08:55 - HHH90000025: MySQLDialect does not need to be specified explicitly using 'hibernate.dialect' (remove the property setting and it will be selected by default)
2026-03-08 10:08:55 - HHH10001005: Database info:
	Database JDBC URL [jdbc:mysql://localhost:3306/myappsservices_store?useTimezone=false&serverTimezone=GMT-3&useSSL=false]
	Database driver: MySQL Connector/J
	Database dialect: MySQLDialect
	Database version: 8.0.43
	Default catalog/schema: myappsservices_store/undefined
	Autocommit mode: undefined/unknown
	Isolation level: REPEATABLE_READ [default REPEATABLE_READ]
	JDBC fetch size: none
	Pool: DatasourceConnectionProviderImpl
	Minimum pool size: undefined/unknown
	Maximum pool size: undefined/unknown
2026-03-08 10:08:56 - HHH000489: No JTA platform available (set 'hibernate.transaction.jta.platform' to enable JTA platform integration)
2026-03-08 10:08:56 - Initialized JPA EntityManagerFactory for persistence unit 'default'
2026-03-08 10:08:56 - Hibernate is in classpath; If applicable, HQL parser will be used.
